%!Adobe-FontList 1.14
%Locale:0x412

%BeginFont
Handler:DirectoryHandler
FontType:Invalid
OutlineFileName:C:\Users\csw00\Desktop\포트폴리오\esteelauder\Font\font-map-optimattf.png
FileModTime:1485106188
%EndFont

%BeginFont
Handler:DirectoryHandler
FontType:Invalid
OutlineFileName:C:\Users\csw00\Desktop\포트폴리오\esteelauder\Font\font-map-unicode-optimattf.png
FileModTime:1485129140
%EndFont

%BeginFont
Handler:DirectoryHandler
FontType:TrueType
FontName:MalgunGothicRegular
FamilyName:Malgun Gothic
StyleName:Regular
FullName:Malgun Gothic
MenuName:맑은 고딕
StyleBits:0
FamilyNameNative:맑은 고딕
StyleNameNative:Regular
FullNameNative:맑은 고딕
WritingScript:Korean
OutlineFileName:C:\Users\csw00\Desktop\포트폴리오\esteelauder\Font\malgun.ttf
DataFormat:sfntData
FileLength:4337296
FileModTime:1244666634
WeightClass:400
WidthClass:5
AngleClass:0
%EndFont

%BeginFont
Handler:DirectoryHandler
FontType:TrueType
FontName:MalgunGothicBold
FamilyName:Malgun Gothic
StyleName:Bold
FullName:Malgun Gothic Bold
MenuName:맑은 고딕
StyleBits:2
FamilyNameNative:맑은 고딕
StyleNameNative:Bold
FullNameNative:맑은 고딕 Bold
WritingScript:Korean
OutlineFileName:C:\Users\csw00\Desktop\포트폴리오\esteelauder\Font\malgunbd.ttf
DataFormat:sfntData
FileLength:4515044
FileModTime:1244666634
WeightClass:700
WidthClass:5
AngleClass:0
%EndFont

%BeginFont
Handler:DirectoryHandler
FontType:TrueType
FontName:Optima
FamilyName:Optima
StyleName:Normal
FullName:Optima
MenuName:Optima
StyleBits:0
WritingScript:Roman
OutlineFileName:C:\Users\csw00\Desktop\포트폴리오\esteelauder\Font\OPTIMA.TTF
DataFormat:sfntData
FileLength:40736
FileModTime:1474094922
WeightClass:400
WidthClass:5
AngleClass:0
%EndFont

%BeginFont
Handler:DirectoryHandler
FontType:Invalid
OutlineFileName:C:\Users\csw00\Desktop\포트폴리오\esteelauder\Font\optimattf.png
FileModTime:1484988878
%EndFont

%BeginFont
Handler:DirectoryHandler
FontType:Invalid
OutlineFileName:C:\Users\csw00\Desktop\포트폴리오\esteelauder\Font\Thumbs.db
FileModTime:1565138678
%EndFont

